2024-12-03 17:34:33,007 - INFO - Starting scraping for Jobs...
2024-12-03 17:34:33,008 - INFO - Starting scraping for events...
2024-12-03 17:36:25,894 - ERROR - Error during event scraping: name 'clean_html' is not defined
2024-12-03 17:38:25,307 - INFO - Job scraping completed successfully.
2024-12-03 18:04:51.327430 - Job and Event scraping completed successfully.
2024-12-03 18:15:41.304830 - Job and Event scraping completed successfully.
2024-12-03 18:21:13.934573 - Job and Event scraping completed successfully.
2024-12-04 17:31:05,098 - INFO - Starting scraping for Jobs...
2024-12-04 17:32:36,049 - INFO - Starting scraping for Jobs...
2024-12-04 17:34:06,342 - INFO - Starting scraping for Jobs...
2024-12-04 17:35:37,135 - INFO - Starting scraping for Jobs...
2024-12-04 17:37:07,810 - INFO - Starting scraping for Jobs...
2024-12-04 17:38:38,056 - INFO - Starting scraping for Jobs...
2024-12-04 17:40:08,263 - INFO - Starting scraping for Jobs...
2024-12-04 17:41:39,174 - INFO - Starting scraping for Jobs...
2024-12-04 17:43:10,067 - INFO - Starting scraping for Jobs...
2024-12-04 17:44:40,201 - INFO - Starting scraping for Jobs...
2024-12-04 17:46:10,561 - INFO - Starting scraping for Jobs...
2024-12-04 17:47:41,303 - INFO - Starting scraping for Jobs...
2024-12-04 17:49:12,073 - INFO - Starting scraping for Jobs...
2024-12-04 17:50:43,424 - INFO - Starting scraping for Jobs...
2024-12-04 17:59:57,397 - INFO - Starting scraping for Jobs...
2024-12-04 18:00:43,375 - INFO - Starting scraping for Jobs...
2024-12-04 18:02:37,890 - INFO - Starting scraping for events...
2024-12-04 18:04:19,387 - INFO - Event scraping completed successfully.
2024-12-04 18:04:20,993 - INFO - Job scraping completed successfully.
2024-12-05 03:02:01,668 - INFO - Starting scraping for events...
2024-12-05 03:03:36,084 - INFO - Event scraping completed successfully.
2024-12-05 03:03:37,815 - INFO - Starting scraping for Jobs...
2024-12-05 03:06:57,306 - INFO - Job scraping completed successfully.
2024-12-05 17:32:39.029148 - Job and Event scraping completed successfully.
2024-12-05 17:33:36.078830 - Job and Event scraping completed successfully.
